#
# There is insufficient memory for the Java Runtime Environment to continue.
# Native memory allocation (malloc) failed to allocate 1048576 bytes for AllocateHeap
# Possible reasons:
#   The system is out of physical RAM or swap space
#   In 32 bit mode, the process size limit was hit
# Possible solutions:
#   Reduce memory load on the system
#   Increase physical memory or swap space
#   Check if swap backing store is full
#   Use 64 bit Java on a 64 bit OS
#   Decrease Java heap size (-Xmx/-Xms)
#   Decrease number of Java threads
#   Decrease Java thread stack sizes (-Xss)
#   Set larger code cache with -XX:ReservedCodeCacheSize=
# This output file may be truncated or incomplete.
#
#  Out of Memory Error (memory/allocation.inline.hpp:61), pid=2592, tid=3388
#
# JRE version:  (7.0_51-b13) (build )
# Java VM: Java HotSpot(TM) 64-Bit Server VM (24.51-b03 mixed mode windows-amd64 compressed oops)
# Failed to write core dump. Minidumps are not enabled by default on client versions of Windows
#

---------------  T H R E A D  ---------------

Current thread (0x00000000021f0800):  JavaThread "Unknown thread" [_thread_in_vm, id=3388, stack(0x00000000020f0000,0x00000000021f0000)]

Stack: [0x00000000020f0000,0x00000000021f0000]

---------------  P R O C E S S  ---------------

Java Threads: ( => current thread )

Other Threads:

=>0x00000000021f0800 (exited) JavaThread "Unknown thread" [_thread_in_vm, id=3388, stack(0x00000000020f0000,0x00000000021f0000)]

VM state:not at safepoint (normal execution)

VM Mutex/Monitor currently owned by a thread: None

Heap
 PSYoungGen      total 18944K, used 327K [0x00000000eb500000, 0x00000000eca00000, 0x0000000100000000)
  eden space 16384K, 2% used [0x00000000eb500000,0x00000000eb551f28,0x00000000ec500000)
  from space 2560K, 0% used [0x00000000ec780000,0x00000000ec780000,0x00000000eca00000)
  to   space 2560K, 0% used [0x00000000ec500000,0x00000000ec500000,0x00000000ec780000)
 ParOldGen       total 41984K, used 0K [0x00000000c2000000, 0x00000000c4900000, 0x00000000eb500000)
  object space 41984K, 0% used [0x00000000c2000000,0x00000000c2000000,0x00000000c4900000)
 PSPermGen       total 21504K, used 656K [0x00000000bce00000, 0x00000000be300000, 0x00000000c2000000)
  object space 21504K, 3% used [0x00000000bce00000,0x00000000bcea41e8,0x00000000be300000)

Card table byte_map: [0x00000000053b0000,0x00000000055d0000] byte_map_base: 0x0000000004dc9000

Polling page: 0x00000000008a0000

Code Cache  [0x00000000022f0000, 0x0000000002560000, 0x00000000052f0000)
 total_blobs=38 nmethods=0 adapters=20 free_code_cache=48889Kb largest_free_block=50062528

Compilation events (0 events):
No events

GC Heap History (0 events):
No events

Deoptimization events (0 events):
No events

Internal exceptions (0 events):
No events

Events (10 events):
Event: 0.077 loading class 0x0000000002235b80
Event: 0.077 loading class 0x0000000002235b80 done
Event: 0.077 loading class 0x0000000002235bd0
Event: 0.078 loading class 0x0000000002235bd0 done
Event: 0.078 loading class 0x0000000002235c20
Event: 0.078 loading class 0x0000000002235c20 done
Event: 0.081 loading class 0x0000000002236980
Event: 0.081 loading class 0x0000000002236980 done
Event: 0.081 loading class 0x00000000022365a0
Event: 0.081 loading class 0x00000000022365a0 done


Dynamic libraries:
0x00007ff74baa0000 - 0x00007ff74bad3000 	C:\Program Files\Java\jre7\bin\javaw.exe
0x00007ffe8d230000 - 0x00007ffe8d3d6000 	C:\WINDOWS\SYSTEM32\ntdll.dll
0x00007ffe8b6e0000 - 0x00007ffe8b81a000 	C:\WINDOWS\system32\KERNEL32.DLL
0x00007ffe8a670000 - 0x00007ffe8a77f000 	C:\WINDOWS\system32\KERNELBASE.dll
0x00007ffe891c0000 - 0x00007ffe89248000 	C:\WINDOWS\system32\apphelp.dll
0x00007ffe82760000 - 0x00007ffe827af000 	C:\WINDOWS\AppPatch\AppPatch64\AcGenral.DLL
0x00007ffe8b4b0000 - 0x00007ffe8b557000 	C:\WINDOWS\system32\msvcrt.dll
0x00007ffe8a3e0000 - 0x00007ffe8a40b000 	C:\WINDOWS\SYSTEM32\SspiCli.dll
0x00007ffe8b680000 - 0x00007ffe8b6d1000 	C:\WINDOWS\system32\SHLWAPI.dll
0x00007ffe8cde0000 - 0x00007ffe8cf51000 	C:\WINDOWS\system32\USER32.dll
0x00007ffe8b080000 - 0x00007ffe8b1f8000 	C:\WINDOWS\system32\ole32.dll
0x00007ffe8b820000 - 0x00007ffe8cc2f000 	C:\WINDOWS\system32\SHELL32.dll
0x00007ffe89bf0000 - 0x00007ffe89c0e000 	C:\WINDOWS\SYSTEM32\USERENV.dll
0x00007ffe8b400000 - 0x00007ffe8b4a5000 	C:\WINDOWS\system32\ADVAPI32.dll
0x00007ffe82e30000 - 0x00007ffe82e4b000 	C:\WINDOWS\SYSTEM32\MPR.dll
0x00007ffe8ab60000 - 0x00007ffe8ac97000 	C:\WINDOWS\system32\RPCRT4.dll
0x00007ffe8b200000 - 0x00007ffe8b257000 	C:\WINDOWS\SYSTEM32\sechost.dll
0x00007ffe8cf80000 - 0x00007ffe8d156000 	C:\WINDOWS\SYSTEM32\combase.dll
0x00007ffe8cc30000 - 0x00007ffe8cd74000 	C:\WINDOWS\system32\GDI32.dll
0x00007ffe8a5a0000 - 0x00007ffe8a5b4000 	C:\WINDOWS\SYSTEM32\profapi.dll
0x00007ffe88770000 - 0x00007ffe8880f000 	C:\WINDOWS\SYSTEM32\SHCORE.dll
0x00007ffe8b630000 - 0x00007ffe8b664000 	C:\WINDOWS\system32\IMM32.DLL
0x00007ffe8af40000 - 0x00007ffe8b079000 	C:\WINDOWS\system32\MSCTF.dll
0x00007ffe86ce0000 - 0x00007ffe86f3a000 	C:\WINDOWS\WinSxS\amd64_microsoft.windows.common-controls_6595b64144ccf1df_6.0.9600.17031_none_6242a4b3ecbb55a1\COMCTL32.dll
0x00000000678e0000 - 0x00000000679b2000 	C:\Program Files\Java\jre7\bin\msvcr100.dll
0x0000000067110000 - 0x00000000678d9000 	C:\Program Files\Java\jre7\bin\server\jvm.dll
0x00007ffe7c1b0000 - 0x00007ffe7c1b9000 	C:\WINDOWS\SYSTEM32\WSOCK32.dll
0x00007ffe86f50000 - 0x00007ffe86f6f000 	C:\WINDOWS\SYSTEM32\WINMM.dll
0x00007ffe8cf70000 - 0x00007ffe8cf77000 	C:\WINDOWS\system32\PSAPI.DLL
0x00007ffe8ad00000 - 0x00007ffe8ad58000 	C:\WINDOWS\system32\WS2_32.dll
0x00007ffe84b00000 - 0x00007ffe84b2a000 	C:\WINDOWS\SYSTEM32\WINMMBASE.dll
0x00007ffe8d200000 - 0x00007ffe8d209000 	C:\WINDOWS\system32\NSI.dll
0x00007ffe8aa60000 - 0x00007ffe8aaaa000 	C:\WINDOWS\SYSTEM32\cfgmgr32.dll
0x00007ffe89430000 - 0x00007ffe89456000 	C:\WINDOWS\SYSTEM32\DEVOBJ.dll
0x0000000067100000 - 0x000000006710f000 	C:\Program Files\Java\jre7\bin\verify.dll
0x00000000670d0000 - 0x00000000670f8000 	C:\Program Files\Java\jre7\bin\java.dll
0x00000000670b0000 - 0x00000000670c5000 	C:\Program Files\Java\jre7\bin\zip.dll

VM Arguments:
jvm_args: -Dfile.encoding=Cp1252 
java_command: br.unipe.cc.ui.Principal
Launcher Type: SUN_STANDARD

Environment Variables:
JAVA_HOME=C:\Program Files\Java\jdk1.7.0_51
PATH=C:\Program Files (x86)\PC Connectivity Solution\;c:\Program Files (x86)\AMD APP\bin\x86_64;c:\Program Files (x86)\AMD APP\bin\x86;C:\Program Files (x86)\Intel\iCLS Client\;C:\Program Files\Intel\iCLS Client\;C:\WINDOWS\system32;C:\WINDOWS;C:\WINDOWS\System32\Wbem;C:\WINDOWS\System32\WindowsPowerShell\v1.0\;C:\Program Files\Intel\Intel(R) Management Engine Components\DAL;C:\Program Files\Intel\Intel(R) Management Engine Components\IPT;C:\Program Files (x86)\Intel\Intel(R) Management Engine Components\DAL;C:\Program Files (x86)\Intel\Intel(R) Management Engine Components\IPT;c:\Program Files (x86)\ATI Technologies\ATI.ACE\Core-Static;C:\Program Files (x86)\Windows Live\Shared;C:\FPC\2.6.0\bin\i386-Win32;C:\Program Files\Java\jdk1.7.0_51\bin;C:\Program Files (x86)\nodejs\;C:\Users\Victor\AppData\Roaming\npm
USERNAME=Victor
OS=Windows_NT
PROCESSOR_IDENTIFIER=Intel64 Family 6 Model 58 Stepping 9, GenuineIntel



---------------  S Y S T E M  ---------------

OS: Windows 8 , 64 bit Build 9200 

CPU:total 4 (2 cores per cpu, 2 threads per core) family 6 model 58 stepping 9, cmov, cx8, fxsr, mmx, sse, sse2, sse3, ssse3, sse4.1, sse4.2, popcnt, avx, aes, erms, ht, tsc, tscinvbit, tscinv

Memory: 4k page, physical 4057604k(1381880k free), swap 8120836k(5320k free)

vm_info: Java HotSpot(TM) 64-Bit Server VM (24.51-b03) for windows-amd64 JRE (1.7.0_51-b13), built on Dec 18 2013 18:40:56 by "java_re" with unknown MS VC++:1600

time: Sun Nov 30 21:36:00 2014
elapsed time: 0 seconds

